<?xml version="1.0" encoding="UTF-8"?>
<robot generator="Robot 3.2.1 (Python 3.8.3 on win32)" generated="20200624 10:22:57.200" rpa="false">
<suite id="s1" name="TestProjectDemo" source="C:\Robot\Git Repo\robotframeworksampletestscript\TestProjectDemo">
<suite id="s1-s1" name="TestSuiteDemo" source="C:\Robot\Git Repo\robotframeworksampletestscript\TestProjectDemo\TestSuiteDemo.robot">
<test id="s1-s1-t1" name="Menu Tabs">
<kw name="Open Browser" library="Selenium2Library">
<doc>Opens a new browser instance to the optional ``url``.</doc>
<arguments>
<arg>${url}</arg>
<arg>${browsers}[0]</arg>
</arguments>
<msg timestamp="20200624 10:22:57.960" level="INFO">Opening browser 'Chrome' to base url 'https://opensource-demo.orangehrmlive.com/'.</msg>
<status status="PASS" starttime="20200624 10:22:57.960" endtime="20200624 10:23:04.836"></status>
</kw>
<kw name="Sleep" library="BuiltIn">
<doc>Pauses the test executed for the given time.</doc>
<arguments>
<arg>2s</arg>
</arguments>
<msg timestamp="20200624 10:23:06.840" level="INFO">Slept 2 seconds</msg>
<status status="PASS" starttime="20200624 10:23:04.837" endtime="20200624 10:23:06.841"></status>
</kw>
<kw name="Input Text" library="Selenium2Library">
<doc>Types the given ``text`` into the text field identified by ``locator``.</doc>
<arguments>
<arg>id=txtUsername</arg>
<arg>${credentials}[0]</arg>
</arguments>
<msg timestamp="20200624 10:23:06.842" level="INFO">Typing text 'Admin' into text field 'id=txtUsername'.</msg>
<status status="PASS" starttime="20200624 10:23:06.841" endtime="20200624 10:23:07.002"></status>
</kw>
<kw name="Input Text" library="Selenium2Library">
<doc>Types the given ``text`` into the text field identified by ``locator``.</doc>
<arguments>
<arg>id=txtPassword</arg>
<arg>${login}[Password]</arg>
</arguments>
<msg timestamp="20200624 10:23:07.003" level="INFO">Typing text 'admin123' into text field 'id=txtPassword'.</msg>
<status status="PASS" starttime="20200624 10:23:07.003" endtime="20200624 10:23:07.131"></status>
</kw>
<kw name="Click Button" library="Selenium2Library">
<doc>Clicks the button identified by ``locator``.</doc>
<arguments>
<arg>id=btnLogin</arg>
</arguments>
<msg timestamp="20200624 10:23:07.132" level="INFO">Clicking button 'id=btnLogin'.</msg>
<status status="PASS" starttime="20200624 10:23:07.132" endtime="20200624 10:23:10.204"></status>
</kw>
<kw name="Sleep" library="BuiltIn">
<doc>Pauses the test executed for the given time.</doc>
<arguments>
<arg>2s</arg>
</arguments>
<msg timestamp="20200624 10:23:12.206" level="INFO">Slept 2 seconds</msg>
<status status="PASS" starttime="20200624 10:23:10.204" endtime="20200624 10:23:12.206"></status>
</kw>
<kw name="Click Element" library="Selenium2Library">
<doc>Click the element identified by ``locator``.</doc>
<arguments>
<arg>id=menu_admin_viewAdminModule</arg>
</arguments>
<msg timestamp="20200624 10:23:12.207" level="INFO">Clicking element 'id=menu_admin_viewAdminModule'.</msg>
<status status="PASS" starttime="20200624 10:23:12.206" endtime="20200624 10:23:13.473"></status>
</kw>
<kw name="Sleep" library="BuiltIn">
<doc>Pauses the test executed for the given time.</doc>
<arguments>
<arg>1s</arg>
</arguments>
<msg timestamp="20200624 10:23:14.476" level="INFO">Slept 1 second</msg>
<status status="PASS" starttime="20200624 10:23:13.473" endtime="20200624 10:23:14.476"></status>
</kw>
<kw name="Click Element" library="Selenium2Library">
<doc>Click the element identified by ``locator``.</doc>
<arguments>
<arg>id=menu_pim_viewPimModule</arg>
</arguments>
<msg timestamp="20200624 10:23:14.477" level="INFO">Clicking element 'id=menu_pim_viewPimModule'.</msg>
<status status="PASS" starttime="20200624 10:23:14.476" endtime="20200624 10:23:15.427"></status>
</kw>
<kw name="Sleep" library="BuiltIn">
<doc>Pauses the test executed for the given time.</doc>
<arguments>
<arg>1s</arg>
</arguments>
<msg timestamp="20200624 10:23:16.429" level="INFO">Slept 1 second</msg>
<status status="PASS" starttime="20200624 10:23:15.428" endtime="20200624 10:23:16.429"></status>
</kw>
<kw name="Click Element" library="Selenium2Library">
<doc>Click the element identified by ``locator``.</doc>
<arguments>
<arg>id=menu_leave_viewLeaveModule</arg>
</arguments>
<msg timestamp="20200624 10:23:16.430" level="INFO">Clicking element 'id=menu_leave_viewLeaveModule'.</msg>
<status status="PASS" starttime="20200624 10:23:16.430" endtime="20200624 10:23:17.889"></status>
</kw>
<kw name="Sleep" library="BuiltIn">
<doc>Pauses the test executed for the given time.</doc>
<arguments>
<arg>1s</arg>
</arguments>
<msg timestamp="20200624 10:23:18.890" level="INFO">Slept 1 second</msg>
<status status="PASS" starttime="20200624 10:23:17.889" endtime="20200624 10:23:18.890"></status>
</kw>
<kw name="Click Element" library="Selenium2Library">
<doc>Click the element identified by ``locator``.</doc>
<arguments>
<arg>id=menu_time_viewTimeModule</arg>
</arguments>
<msg timestamp="20200624 10:23:18.891" level="INFO">Clicking element 'id=menu_time_viewTimeModule'.</msg>
<status status="PASS" starttime="20200624 10:23:18.891" endtime="20200624 10:23:19.838"></status>
</kw>
<kw name="Sleep" library="BuiltIn">
<doc>Pauses the test executed for the given time.</doc>
<arguments>
<arg>1s</arg>
</arguments>
<msg timestamp="20200624 10:23:20.841" level="INFO">Slept 1 second</msg>
<status status="PASS" starttime="20200624 10:23:19.838" endtime="20200624 10:23:20.841"></status>
</kw>
<kw name="Click Element" library="Selenium2Library">
<doc>Click the element identified by ``locator``.</doc>
<arguments>
<arg>id=menu_recruitment_viewRecruitmentModule</arg>
</arguments>
<msg timestamp="20200624 10:23:20.842" level="INFO">Clicking element 'id=menu_recruitment_viewRecruitmentModule'.</msg>
<status status="PASS" starttime="20200624 10:23:20.841" endtime="20200624 10:23:21.976"></status>
</kw>
<kw name="Sleep" library="BuiltIn">
<doc>Pauses the test executed for the given time.</doc>
<arguments>
<arg>1s</arg>
</arguments>
<msg timestamp="20200624 10:23:22.979" level="INFO">Slept 1 second</msg>
<status status="PASS" starttime="20200624 10:23:21.976" endtime="20200624 10:23:22.980"></status>
</kw>
<kw name="Click Element" library="Selenium2Library">
<doc>Click the element identified by ``locator``.</doc>
<arguments>
<arg>id=menu_dashboard_index</arg>
</arguments>
<msg timestamp="20200624 10:23:22.982" level="INFO">Clicking element 'id=menu_dashboard_index'.</msg>
<status status="PASS" starttime="20200624 10:23:22.981" endtime="20200624 10:23:23.598"></status>
</kw>
<kw name="Sleep" library="BuiltIn">
<doc>Pauses the test executed for the given time.</doc>
<arguments>
<arg>1s</arg>
</arguments>
<msg timestamp="20200624 10:23:24.600" level="INFO">Slept 1 second</msg>
<status status="PASS" starttime="20200624 10:23:23.599" endtime="20200624 10:23:24.600"></status>
</kw>
<kw name="Click Element" library="Selenium2Library">
<doc>Click the element identified by ``locator``.</doc>
<arguments>
<arg>id=menu_directory_viewDirectory</arg>
</arguments>
<msg timestamp="20200624 10:23:24.601" level="INFO">Clicking element 'id=menu_directory_viewDirectory'.</msg>
<status status="PASS" starttime="20200624 10:23:24.601" endtime="20200624 10:23:27.108"></status>
</kw>
<kw name="Sleep" library="BuiltIn">
<doc>Pauses the test executed for the given time.</doc>
<arguments>
<arg>1s</arg>
</arguments>
<msg timestamp="20200624 10:23:28.112" level="INFO">Slept 1 second</msg>
<status status="PASS" starttime="20200624 10:23:27.109" endtime="20200624 10:23:28.112"></status>
</kw>
<kw name="Click Element" library="Selenium2Library">
<doc>Click the element identified by ``locator``.</doc>
<arguments>
<arg>id=menu_maintenance_purgeEmployee</arg>
</arguments>
<msg timestamp="20200624 10:23:28.113" level="INFO">Clicking element 'id=menu_maintenance_purgeEmployee'.</msg>
<status status="PASS" starttime="20200624 10:23:28.112" endtime="20200624 10:23:28.930"></status>
</kw>
<kw name="Sleep" library="BuiltIn">
<doc>Pauses the test executed for the given time.</doc>
<arguments>
<arg>1s</arg>
</arguments>
<msg timestamp="20200624 10:23:29.934" level="INFO">Slept 1 second</msg>
<status status="PASS" starttime="20200624 10:23:28.931" endtime="20200624 10:23:29.934"></status>
</kw>
<kw name="Click Element" library="Selenium2Library">
<doc>Click the element identified by ``locator``.</doc>
<arguments>
<arg>id=menu_buzz_viewBuzz</arg>
</arguments>
<msg timestamp="20200624 10:23:29.936" level="INFO">Clicking element 'id=menu_buzz_viewBuzz'.</msg>
<status status="PASS" starttime="20200624 10:23:29.935" endtime="20200624 10:23:30.682"></status>
</kw>
<kw name="Sleep" library="BuiltIn">
<doc>Pauses the test executed for the given time.</doc>
<arguments>
<arg>1s</arg>
</arguments>
<msg timestamp="20200624 10:23:31.685" level="INFO">Slept 1 second</msg>
<status status="PASS" starttime="20200624 10:23:30.682" endtime="20200624 10:23:31.685"></status>
</kw>
<kw name="Close Browser" library="Selenium2Library">
<doc>Closes the current browser.</doc>
<status status="PASS" starttime="20200624 10:23:31.685" endtime="20200624 10:23:34.959"></status>
</kw>
<kw name="Log To Console" library="BuiltIn">
<doc>Logs the given message to the console.</doc>
<arguments>
<arg>%{username} ran this test on %{os}. Successful displayed all working Menus!</arg>
</arguments>
<status status="PASS" starttime="20200624 10:23:34.960" endtime="20200624 10:23:34.961"></status>
</kw>
<tags>
<tag>Regression3</tag>
</tags>
<status status="PASS" starttime="20200624 10:22:57.958" endtime="20200624 10:23:34.961" critical="yes"></status>
</test>
<status status="PASS" starttime="20200624 10:22:57.303" endtime="20200624 10:23:34.963"></status>
</suite>
<status status="PASS" starttime="20200624 10:22:57.271" endtime="20200624 10:23:34.967"></status>
</suite>
<statistics>
<total>
<stat pass="1" fail="0">Critical Tests</stat>
<stat pass="1" fail="0">All Tests</stat>
</total>
<tag>
<stat pass="1" fail="0">Regression3</stat>
</tag>
<suite>
<stat pass="1" fail="0" id="s1" name="TestProjectDemo">TestProjectDemo</stat>
<stat pass="1" fail="0" id="s1-s1" name="TestSuiteDemo">TestProjectDemo.TestSuiteDemo</stat>
</suite>
</statistics>
<errors>
</errors>
</robot>
